<?xml version="1.0" encoding="UTF-8"?>
<!-- Generated by org.testng.reporters.JUnitReportReporter -->
<testsuite skipped="0" hostname="DESKTOP-04B9575" name="cts.miniproject.test.DdWordpressLogin" tests="3" failures="0" timestamp="2020-03-30T11:04:43 IST" time="45.179" errors="0">
  <testcase name="loginToWordpress" time="14.159" classname="cts.miniproject.test.DdWordpressLogin"/>
  <system-out/>
  <testcase name="loginToWordpress" time="17.119" classname="cts.miniproject.test.DdWordpressLogin"/>
  <system-out/>
  <testcase name="loginToWordpress" time="13.901" classname="cts.miniproject.test.DdWordpressLogin"/>
  <system-out/>
</testsuite> <!-- cts.miniproject.test.DdWordpressLogin -->
